<?xml version="1.0" encoding="UTF-8"?>
<!-- Generated by org.testng.reporters.JUnitReportReporter -->
<testsuite skipped="0" hostname="Bakos" name="test.ValidationTest" tests="1" failures="0" timestamp="2022-04-01T22:37:31 CDT" time="10.340" errors="0">
  <testcase name="userShouldAddCategory" time="10.340" classname="test.ValidationTest"/>
  <system-out/>
</testsuite> <!-- test.ValidationTest -->
