<?xml version="1.0" encoding="UTF-8"?>
<!-- Generated by org.testng.reporters.JUnitReportReporter -->
<testsuite skipped="0" hostname="Bakos" name="util.BrowserFactory" tests="1" failures="0" timestamp="2022-03-27T21:29:46 CDT" time="5.718" errors="0">
  <testcase name="init" time="5.718" classname="util.BrowserFactory"/>
  <system-out/>
</testsuite> <!-- util.BrowserFactory -->
