<?xml version="1.0" encoding="UTF-8"?>
<!-- Generated by org.testng.reporters.JUnitReportReporter -->
<testsuite skipped="0" hostname="Bakos" name="test.ValidationTest" tests="1" failures="0" timestamp="2022-03-29T00:47:57 CDT" time="7.386" errors="0">
  <testcase name="userShouldAddCategory" time="7.386" classname="test.ValidationTest"/>
  <system-out/>
</testsuite> <!-- test.ValidationTest -->
